\BOOKMARK [1][-]{section.1}{\376\377\000G\000I\036\332\000I\000\040\000T\000H\000I\036\306\000U}{}% 1
\BOOKMARK [2][-]{subsection.1.1}{\376\377\000S\001\241\000\040\000l\001\260\036\343\000c\000\040\000v\036\301\000\040\000A\000r\000t\000i\000c\000u\000l\000a\000t\000e\000d\000\040\000A\000r\000m\000\040\000R\000o\000b\000o\000t}{section.1}% 2
\BOOKMARK [2][-]{subsection.1.2}{\376\377\000G\000i\036\333\000i\000\040\000t\000h\000i\036\307\000u\000\040\000v\036\301\000\040\000n\000g\000\364\000n\000\040\000n\000g\036\357\000\040\000l\036\255\000p\000\040\000t\000r\000\354\000n\000h\000\040\000P\000y\000t\000h\000o\000n}{section.1}% 3
\BOOKMARK [1][-]{section.2}{\376\377\001\020\036\330\000N\000G\000\040\000H\036\314\000C\000\040\000T\000H\000U\036\254\000N}{}% 4
\BOOKMARK [2][-]{subsection.2.1}{\376\377\000M\000\364\000\040\000p\000h\036\317\000n\000g\000\040\000h\000\354\000n\000h\000\040\000d\036\241\000n\000g\000\040\000R\000o\000b\000o\000t}{section.2}% 5
\BOOKMARK [3][-]{subsubsection.2.1.1}{\376\377\000X\000\341\000c\000\040\001\021\036\313\000n\000h\000\040\000c\000\341\000c\000\040\000t\000h\000\364\000n\000g\000\040\000s\036\321\000\040\000v\000\340\000\040\000l\036\255\000p\000\040\000b\036\243\000n\000g\000\040\000D\000H}{subsection.2.1}% 6
\BOOKMARK [3][-]{subsubsection.2.1.2}{\376\377\000X\000\342\000y\000\040\000d\036\361\000n\000g\000\040\000m\000\364\000i\000\040\000t\000r\001\260\036\335\000n\000g\000\040\000g\000i\036\243\000\040\000l\036\255\000p\000\040\000R\000o\000b\000o\000t}{subsection.2.1}% 7
\BOOKMARK [3][-]{subsubsection.2.1.3}{\376\377\000V\036\275\000\040\000R\000o\000b\000o\000t}{subsection.2.1}% 8
\BOOKMARK [2][-]{subsection.2.2}{\376\377\000X\000\342\000y\000\040\000d\036\361\000n\000g\000\040\000U\000I\000\040\000v\000\340\000\040\000A\000n\000i\000m\000a\000t\000i\000o\000n\000\040\000c\000h\000o\000\040\000b\000\340\000i\000\040\000t\000o\000\341\000n\000\040\001\021\036\331\000n\000g\000\040\000l\036\361\000c\000\040\000t\000h\000u\036\255\000n}{section.2}% 9
\BOOKMARK [3][-]{subsubsection.2.2.1}{\376\377\000G\000i\000a\000o\000\040\001\021\000i\036\307\000n\000\040\000n\000g\001\260\036\335\000i\000\040\000d\000\371\000n\000g\000\040\000U\000I}{subsection.2.2}% 10
\BOOKMARK [3][-]{subsubsection.2.2.2}{\376\377\000T\036\241\000o\000\040\000a\000n\000i\000m\000a\000t\000i\000o\000n\000\040\000v\000\340\000\040\000d\000i\000\040\000c\000h\000u\000y\036\303\000n\000\040\000r\000o\000b\000o\000t\000\040\000t\000h\000e\000o\000\040\000b\000\340\000i\000\040\000t\000o\000\341\000n\000\040\001\021\036\331\000n\000g\000\040\000l\036\361\000c\000\040\000t\000h\000u\036\255\000n}{subsection.2.2}% 11
\BOOKMARK [1][-]{section.3}{\376\377\001\020\036\330\000N\000G\000\040\000H\036\314\000C\000\040\000N\000G\000H\036\312\000C\000H}{}% 12
\BOOKMARK [2][-]{subsection.3.1}{\376\377\000L\036\255\000p\000\040\000c\000\364\000n\000g\000\040\000t\000h\036\351\000c\000\040\000g\000i\036\243\000i\000\040\000b\000\340\000i\000\040\000t\000o\000\341\000n\000\040\001\021\036\331\000n\000g\000\040\000h\036\315\000c\000\040\000n\000g\000h\036\313\000c\000h}{section.3}% 13
\BOOKMARK [2][-]{subsection.3.2}{\376\377\000X\000\342\000y\000\040\000d\036\361\000n\000g\000\040\000U\000I\000\040\000v\000\340\000\040\000A\000n\000i\000m\000a\000t\000i\000o\000n\000\040\000c\000h\000o\000\040\000b\000\340\000i\000\040\000t\000o\000\341\000n\000\040\001\021\036\331\000n\000g\000\040\000l\036\361\000c\000\040\000n\000g\000h\036\313\000c\000h}{section.3}% 14
\BOOKMARK [3][-]{subsubsection.3.2.1}{\376\377\000G\000i\000a\000o\000\040\001\021\000i\036\307\000n\000\040\000n\000g\001\260\036\335\000i\000\040\000d\000\371\000n\000g\000\040\000U\000I}{subsection.3.2}% 15
\BOOKMARK [3][-]{subsubsection.3.2.2}{\376\377\000T\036\241\000o\000\040\000a\000n\000i\000m\000a\000t\000i\000o\000n\000\040\000v\000\340\000\040\000d\000i\000\040\000c\000h\000u\000y\036\303\000n\000\040\000r\000o\000b\000o\000t\000\040\000t\000h\000e\000o\000\040\000b\000\340\000i\000\040\000t\000o\000\341\000n\000\040\001\021\036\331\000n\000g\000\040\000l\036\361\000c\000\040\000n\000g\000h\036\313\000c\000h}{subsection.3.2}% 16
\BOOKMARK [1][-]{section.4}{\376\377\000Q\000U\000Y\000\040\000H\000O\036\240\000C\000H\000\040\000Q\000U\036\370\000\040\001\020\036\240\000O\000\040\000T\000R\000A\000J\000E\000C\000T\000O\000R\000Y\000\040\000P\000L\000A\000N\000N\000I\000N\000G}{}% 17
\BOOKMARK [2][-]{subsection.4.1}{\376\377\000D\000H\000-\000T\000a\000b\000l\000e}{section.4}% 18
\BOOKMARK [1][-]{section.5}{\376\377\000M\000A\000\040\000T\000R\036\254\000N\000\040\000J\000A\000C\000O\000B\000I\000\040\000V\000\300\000\040\001\020\000I\036\302\000M\000\040\000K\000\314\000\040\000D\036\312}{}% 19
\BOOKMARK [2][-]{subsection.5.1}{\376\377\000D\000H\000-\000T\000a\000b\000l\000e}{section.5}% 20
\BOOKMARK [1][-]{section.6}{\376\377\001\020\000\301\000N\000H\000\040\000G\000I\000\301\000\040\000C\000H\000U\000N\000G\000\040\000V\000\300\000\040\000K\036\276\000T\000\040\000L\000U\036\254\000N}{}% 21
\BOOKMARK [1][-]{section.7}{\376\377\000V\000I\000D\000E\000O\000\040\000D\000E\000M\000O\000\040\000V\000\300\000\040\000C\000O\000D\000E\000\040\000P\000Y\000T\000H\000O\000N}{}% 22
\BOOKMARK [1][-]{section.7}{\376\377\000T\000\340\000i\000\040\000l\000i\036\307\000u\000\040\000t\000h\000a\000m\000\040\000k\000h\036\243\000o}{}% 23
